<?xml version="1.0" encoding="UTF-8"?>
<robot generator="Robot 3.2.2 (Python 3.9.1 on win32)" generated="20201210 20:15:46.039" rpa="false">
<suite id="s1" name="Test" source="C:\Users\Theo\Desktop\Workspace\Robot\test.robot">
<test id="s1-t1" name="Login Test - Success">
<kw name="Open Browser" library="SeleniumLibrary">
<doc>Opens a new browser instance to the optional ``url``.</doc>
<arguments>
<arg>about:blank</arg>
<arg>${Browser}</arg>
</arguments>
<msg timestamp="20201210 20:15:46.220" level="INFO">Opening browser 'chrome' to base url 'about:blank'.</msg>
<status status="PASS" starttime="20201210 20:15:46.220" endtime="20201210 20:15:49.249"></status>
</kw>
<kw name="Set Screenshot Directory" library="SeleniumLibrary">
<doc>Sets the directory for captured screenshots.</doc>
<arguments>
<arg>Robot/Login_Pass</arg>
</arguments>
<status status="PASS" starttime="20201210 20:15:49.250" endtime="20201210 20:15:49.250"></status>
</kw>
<kw name="Go To" library="SeleniumLibrary">
<doc>Navigates the current browser window to the provided ``url``.</doc>
<arguments>
<arg>${url}</arg>
</arguments>
<msg timestamp="20201210 20:15:49.251" level="INFO">Opening url 'https://mysocialprimate.web.app/login'</msg>
<status status="PASS" starttime="20201210 20:15:49.250" endtime="20201210 20:15:49.583"></status>
</kw>
<kw name="Input Text" library="SeleniumLibrary">
<doc>Types the given ``text`` into the text field identified by ``locator``.</doc>
<arguments>
<arg>${input_user}</arg>
<arg>${username_valid}</arg>
</arguments>
<msg timestamp="20201210 20:15:49.584" level="INFO">Typing text 'user@email.com' into text field '//*[@id="email"]'.</msg>
<status status="PASS" starttime="20201210 20:15:49.584" endtime="20201210 20:15:49.687"></status>
</kw>
<kw name="Input Text" library="SeleniumLibrary">
<doc>Types the given ``text`` into the text field identified by ``locator``.</doc>
<arguments>
<arg>${input_pass}</arg>
<arg>${password_valid}</arg>
</arguments>
<msg timestamp="20201210 20:15:49.688" level="INFO">Typing text '123456' into text field '//*[@id="password"]'.</msg>
<status status="PASS" starttime="20201210 20:15:49.688" endtime="20201210 20:15:49.765"></status>
</kw>
<kw name="Click Button" library="SeleniumLibrary">
<doc>Clicks the button identified by ``locator``.</doc>
<arguments>
<arg>${btn_login}</arg>
</arguments>
<msg timestamp="20201210 20:15:49.766" level="INFO">Clicking button '//*[@id="root"]/div/div/div/div[2]/form/button'.</msg>
<status status="PASS" starttime="20201210 20:15:49.766" endtime="20201210 20:15:49.821"></status>
</kw>
<kw name="Wait Until Location Contains" library="SeleniumLibrary">
<doc>Waits until the current URL contains ``expected``.</doc>
<arguments>
<arg>${url_homepage}</arg>
</arguments>
<status status="PASS" starttime="20201210 20:15:49.822" endtime="20201210 20:15:49.826"></status>
</kw>
<kw name="Maximize Browser Window" library="SeleniumLibrary">
<doc>Maximizes current browser window.</doc>
<status status="PASS" starttime="20201210 20:15:49.827" endtime="20201210 20:15:51.939"></status>
</kw>
<kw name="Capture Page Screenshot" library="SeleniumLibrary">
<doc>Takes a screenshot of the current page and embeds it into a log file.</doc>
<arguments>
<arg>Pass.png</arg>
</arguments>
<msg timestamp="20201210 20:15:52.248" level="INFO" html="yes">&lt;/td&gt;&lt;/tr&gt;&lt;tr&gt;&lt;td colspan="3"&gt;&lt;a href="Robot/Login_Pass/Pass.png"&gt;&lt;img src="Robot/Login_Pass/Pass.png" width="800px"&gt;&lt;/a&gt;</msg>
<status status="PASS" starttime="20201210 20:15:51.940" endtime="20201210 20:15:52.248"></status>
</kw>
<kw name="Close Browser" library="SeleniumLibrary" type="teardown">
<doc>Closes the current browser.</doc>
<status status="PASS" starttime="20201210 20:15:52.249" endtime="20201210 20:15:54.326"></status>
</kw>
<tags>
<tag>Success_Scenario</tag>
</tags>
<status status="PASS" starttime="20201210 20:15:46.219" endtime="20201210 20:15:54.326" critical="yes"></status>
</test>
<test id="s1-t2" name="Login Test - Fail - Invalid Username &amp; Password">
<kw name="Open Browser" library="SeleniumLibrary">
<doc>Opens a new browser instance to the optional ``url``.</doc>
<arguments>
<arg>about:blank</arg>
<arg>${Browser}</arg>
</arguments>
<msg timestamp="20201210 20:15:54.328" level="INFO">Opening browser 'chrome' to base url 'about:blank'.</msg>
<status status="PASS" starttime="20201210 20:15:54.328" endtime="20201210 20:15:57.370"></status>
</kw>
<kw name="Set Screenshot Directory" library="SeleniumLibrary">
<doc>Sets the directory for captured screenshots.</doc>
<arguments>
<arg>Robot/Login_Fail</arg>
</arguments>
<status status="PASS" starttime="20201210 20:15:57.370" endtime="20201210 20:15:57.371"></status>
</kw>
<kw name="Go To" library="SeleniumLibrary">
<doc>Navigates the current browser window to the provided ``url``.</doc>
<arguments>
<arg>${url}</arg>
</arguments>
<msg timestamp="20201210 20:15:57.371" level="INFO">Opening url 'https://mysocialprimate.web.app/login'</msg>
<status status="PASS" starttime="20201210 20:15:57.371" endtime="20201210 20:15:57.724"></status>
</kw>
<kw name="Title Should Be" library="SeleniumLibrary">
<doc>Verifies that the current page title equals ``title``.</doc>
<arguments>
<arg>React App</arg>
</arguments>
<msg timestamp="20201210 20:15:57.728" level="INFO">Page title is 'React App'.</msg>
<status status="PASS" starttime="20201210 20:15:57.725" endtime="20201210 20:15:57.728"></status>
</kw>
<kw name="Input Text" library="SeleniumLibrary">
<doc>Types the given ``text`` into the text field identified by ``locator``.</doc>
<arguments>
<arg>${input_user}</arg>
<arg>${username_invalid}</arg>
</arguments>
<msg timestamp="20201210 20:15:57.729" level="INFO">Typing text 'xxxx@email.com' into text field '//*[@id="email"]'.</msg>
<status status="PASS" starttime="20201210 20:15:57.729" endtime="20201210 20:15:57.836"></status>
</kw>
<kw name="Input Text" library="SeleniumLibrary">
<doc>Types the given ``text`` into the text field identified by ``locator``.</doc>
<arguments>
<arg>${input_pass}</arg>
<arg>${password_invalid}</arg>
</arguments>
<msg timestamp="20201210 20:15:57.837" level="INFO">Typing text '123456789' into text field '//*[@id="password"]'.</msg>
<status status="PASS" starttime="20201210 20:15:57.836" endtime="20201210 20:15:57.928"></status>
</kw>
<kw name="Click Button" library="SeleniumLibrary">
<doc>Clicks the button identified by ``locator``.</doc>
<arguments>
<arg>${btn_login}</arg>
</arguments>
<msg timestamp="20201210 20:15:57.928" level="INFO">Clicking button '//*[@id="root"]/div/div/div/div[2]/form/button'.</msg>
<status status="PASS" starttime="20201210 20:15:57.928" endtime="20201210 20:15:57.984"></status>
</kw>
<kw name="Wait Until Element Contains" library="SeleniumLibrary">
<doc>Waits until the element ``locator`` contains ``text``.</doc>
<arguments>
<arg>${location_wrong_credential}</arg>
<arg>${txt_wrong_credential}</arg>
</arguments>
<kw name="Capture Page Screenshot" library="SeleniumLibrary">
<doc>Takes a screenshot of the current page and embeds it into a log file.</doc>
<msg timestamp="20201210 20:16:03.453" level="INFO" html="yes">&lt;/td&gt;&lt;/tr&gt;&lt;tr&gt;&lt;td colspan="3"&gt;&lt;a href="Robot/Login_Fail/selenium-screenshot-3.png"&gt;&lt;img src="Robot/Login_Fail/selenium-screenshot-3.png" width="800px"&gt;&lt;/a&gt;</msg>
<status status="PASS" starttime="20201210 20:16:03.190" endtime="20201210 20:16:03.453"></status>
</kw>
<msg timestamp="20201210 20:16:03.456" level="FAIL">Element with locator '//*[@id="root"]/div/div/div/div[2]/form/p' not found.</msg>
<status status="FAIL" starttime="20201210 20:15:57.985" endtime="20201210 20:16:03.456"></status>
</kw>
<kw name="Close Browser" library="SeleniumLibrary" type="teardown">
<doc>Closes the current browser.</doc>
<status status="PASS" starttime="20201210 20:16:03.457" endtime="20201210 20:16:05.542"></status>
</kw>
<tags>
<tag>Fail_Scenario</tag>
</tags>
<status status="FAIL" starttime="20201210 20:15:54.327" endtime="20201210 20:16:05.543" critical="yes">Element with locator '//*[@id="root"]/div/div/div/div[2]/form/p' not found.</status>
</test>
<test id="s1-t3" name="Login Test - Fail - Invalid Username">
<kw name="Open Browser" library="SeleniumLibrary">
<doc>Opens a new browser instance to the optional ``url``.</doc>
<arguments>
<arg>about:blank</arg>
<arg>${Browser}</arg>
</arguments>
<msg timestamp="20201210 20:16:05.552" level="INFO">Opening browser 'chrome' to base url 'about:blank'.</msg>
<status status="PASS" starttime="20201210 20:16:05.551" endtime="20201210 20:16:08.613"></status>
</kw>
<kw name="Set Screenshot Directory" library="SeleniumLibrary">
<doc>Sets the directory for captured screenshots.</doc>
<arguments>
<arg>Robot/Login_Fail</arg>
</arguments>
<status status="PASS" starttime="20201210 20:16:08.613" endtime="20201210 20:16:08.614"></status>
</kw>
<kw name="Go To" library="SeleniumLibrary">
<doc>Navigates the current browser window to the provided ``url``.</doc>
<arguments>
<arg>${url}</arg>
</arguments>
<msg timestamp="20201210 20:16:08.614" level="INFO">Opening url 'https://mysocialprimate.web.app/login'</msg>
<status status="PASS" starttime="20201210 20:16:08.614" endtime="20201210 20:16:08.927"></status>
</kw>
<kw name="Title Should Be" library="SeleniumLibrary">
<doc>Verifies that the current page title equals ``title``.</doc>
<arguments>
<arg>React App</arg>
</arguments>
<msg timestamp="20201210 20:16:08.931" level="INFO">Page title is 'React App'.</msg>
<status status="PASS" starttime="20201210 20:16:08.928" endtime="20201210 20:16:08.931"></status>
</kw>
<kw name="Input Text" library="SeleniumLibrary">
<doc>Types the given ``text`` into the text field identified by ``locator``.</doc>
<arguments>
<arg>${input_user}</arg>
<arg>${username_invalid}</arg>
</arguments>
<msg timestamp="20201210 20:16:08.932" level="INFO">Typing text 'xxxx@email.com' into text field '//*[@id="email"]'.</msg>
<status status="PASS" starttime="20201210 20:16:08.931" endtime="20201210 20:16:09.031"></status>
</kw>
<kw name="Input Text" library="SeleniumLibrary">
<doc>Types the given ``text`` into the text field identified by ``locator``.</doc>
<arguments>
<arg>${input_pass}</arg>
<arg>${password_valid}</arg>
</arguments>
<msg timestamp="20201210 20:16:09.032" level="INFO">Typing text '123456' into text field '//*[@id="password"]'.</msg>
<status status="PASS" starttime="20201210 20:16:09.032" endtime="20201210 20:16:09.108"></status>
</kw>
<kw name="Click Button" library="SeleniumLibrary">
<doc>Clicks the button identified by ``locator``.</doc>
<arguments>
<arg>${btn_login}</arg>
</arguments>
<msg timestamp="20201210 20:16:09.109" level="INFO">Clicking button '//*[@id="root"]/div/div/div/div[2]/form/button'.</msg>
<status status="PASS" starttime="20201210 20:16:09.109" endtime="20201210 20:16:09.167"></status>
</kw>
<kw name="Wait Until Element Contains" library="SeleniumLibrary">
<doc>Waits until the element ``locator`` contains ``text``.</doc>
<arguments>
<arg>${location_wrong_credential}</arg>
<arg>${txt_wrong_credential}</arg>
</arguments>
<kw name="Capture Page Screenshot" library="SeleniumLibrary">
<doc>Takes a screenshot of the current page and embeds it into a log file.</doc>
<msg timestamp="20201210 20:16:14.443" level="INFO" html="yes">&lt;/td&gt;&lt;/tr&gt;&lt;tr&gt;&lt;td colspan="3"&gt;&lt;a href="Robot/Login_Fail/selenium-screenshot-4.png"&gt;&lt;img src="Robot/Login_Fail/selenium-screenshot-4.png" width="800px"&gt;&lt;/a&gt;</msg>
<status status="PASS" starttime="20201210 20:16:14.170" endtime="20201210 20:16:14.443"></status>
</kw>
<msg timestamp="20201210 20:16:14.444" level="FAIL">Element with locator '//*[@id="root"]/div/div/div/div[2]/form/p' not found.</msg>
<status status="FAIL" starttime="20201210 20:16:09.167" endtime="20201210 20:16:14.444"></status>
</kw>
<kw name="Close Browser" library="SeleniumLibrary" type="teardown">
<doc>Closes the current browser.</doc>
<status status="PASS" starttime="20201210 20:16:14.445" endtime="20201210 20:16:16.519"></status>
</kw>
<tags>
<tag>Fail_Scenario</tag>
</tags>
<status status="FAIL" starttime="20201210 20:16:05.550" endtime="20201210 20:16:16.519" critical="yes">Element with locator '//*[@id="root"]/div/div/div/div[2]/form/p' not found.</status>
</test>
<test id="s1-t4" name="Login Test - Fail - Invalid Password">
<kw name="Open Browser" library="SeleniumLibrary">
<doc>Opens a new browser instance to the optional ``url``.</doc>
<arguments>
<arg>about:blank</arg>
<arg>${Browser}</arg>
</arguments>
<msg timestamp="20201210 20:16:16.525" level="INFO">Opening browser 'chrome' to base url 'about:blank'.</msg>
<status status="PASS" starttime="20201210 20:16:16.525" endtime="20201210 20:16:19.564"></status>
</kw>
<kw name="Set Screenshot Directory" library="SeleniumLibrary">
<doc>Sets the directory for captured screenshots.</doc>
<arguments>
<arg>Robot/Login_Fail</arg>
</arguments>
<status status="PASS" starttime="20201210 20:16:19.564" endtime="20201210 20:16:19.564"></status>
</kw>
<kw name="Go To" library="SeleniumLibrary">
<doc>Navigates the current browser window to the provided ``url``.</doc>
<arguments>
<arg>${url}</arg>
</arguments>
<msg timestamp="20201210 20:16:19.565" level="INFO">Opening url 'https://mysocialprimate.web.app/login'</msg>
<status status="PASS" starttime="20201210 20:16:19.565" endtime="20201210 20:16:19.931"></status>
</kw>
<kw name="Title Should Be" library="SeleniumLibrary">
<doc>Verifies that the current page title equals ``title``.</doc>
<arguments>
<arg>React App</arg>
</arguments>
<msg timestamp="20201210 20:16:19.935" level="INFO">Page title is 'React App'.</msg>
<status status="PASS" starttime="20201210 20:16:19.931" endtime="20201210 20:16:19.935"></status>
</kw>
<kw name="Input Text" library="SeleniumLibrary">
<doc>Types the given ``text`` into the text field identified by ``locator``.</doc>
<arguments>
<arg>${input_user}</arg>
<arg>${username_valid}</arg>
</arguments>
<msg timestamp="20201210 20:16:19.935" level="INFO">Typing text 'user@email.com' into text field '//*[@id="email"]'.</msg>
<status status="PASS" starttime="20201210 20:16:19.935" endtime="20201210 20:16:20.037"></status>
</kw>
<kw name="Input Text" library="SeleniumLibrary">
<doc>Types the given ``text`` into the text field identified by ``locator``.</doc>
<arguments>
<arg>${input_pass}</arg>
<arg>${password_invalid}</arg>
</arguments>
<msg timestamp="20201210 20:16:20.038" level="INFO">Typing text '123456789' into text field '//*[@id="password"]'.</msg>
<status status="PASS" starttime="20201210 20:16:20.038" endtime="20201210 20:16:20.120"></status>
</kw>
<kw name="Click Button" library="SeleniumLibrary">
<doc>Clicks the button identified by ``locator``.</doc>
<arguments>
<arg>${btn_login}</arg>
</arguments>
<msg timestamp="20201210 20:16:20.120" level="INFO">Clicking button '//*[@id="root"]/div/div/div/div[2]/form/button'.</msg>
<status status="PASS" starttime="20201210 20:16:20.120" endtime="20201210 20:16:20.178"></status>
</kw>
<kw name="Wait Until Element Contains" library="SeleniumLibrary">
<doc>Waits until the element ``locator`` contains ``text``.</doc>
<arguments>
<arg>${location_wrong_credential}</arg>
<arg>${txt_wrong_credential}</arg>
</arguments>
<status status="PASS" starttime="20201210 20:16:20.178" endtime="20201210 20:16:21.017"></status>
</kw>
<kw name="Maximize Browser Window" library="SeleniumLibrary">
<doc>Maximizes current browser window.</doc>
<status status="PASS" starttime="20201210 20:16:21.017" endtime="20201210 20:16:23.135"></status>
</kw>
<kw name="Capture Page Screenshot" library="SeleniumLibrary">
<doc>Takes a screenshot of the current page and embeds it into a log file.</doc>
<arguments>
<arg>Invalid_Password.png</arg>
</arguments>
<msg timestamp="20201210 20:16:23.451" level="INFO" html="yes">&lt;/td&gt;&lt;/tr&gt;&lt;tr&gt;&lt;td colspan="3"&gt;&lt;a href="Robot/Login_Fail/Invalid_Password.png"&gt;&lt;img src="Robot/Login_Fail/Invalid_Password.png" width="800px"&gt;&lt;/a&gt;</msg>
<status status="PASS" starttime="20201210 20:16:23.136" endtime="20201210 20:16:23.451"></status>
</kw>
<kw name="Close Browser" library="SeleniumLibrary" type="teardown">
<doc>Closes the current browser.</doc>
<status status="PASS" starttime="20201210 20:16:23.451" endtime="20201210 20:16:25.526"></status>
</kw>
<tags>
<tag>Fail_Scenario</tag>
</tags>
<status status="PASS" starttime="20201210 20:16:16.524" endtime="20201210 20:16:25.526" critical="yes"></status>
</test>
<test id="s1-t5" name="Login Test - Fail - Empty Username">
<kw name="Open Browser" library="SeleniumLibrary">
<doc>Opens a new browser instance to the optional ``url``.</doc>
<arguments>
<arg>about:blank</arg>
<arg>${Browser}</arg>
</arguments>
<msg timestamp="20201210 20:16:25.529" level="INFO">Opening browser 'chrome' to base url 'about:blank'.</msg>
<status status="PASS" starttime="20201210 20:16:25.529" endtime="20201210 20:16:28.581"></status>
</kw>
<kw name="Set Screenshot Directory" library="SeleniumLibrary">
<doc>Sets the directory for captured screenshots.</doc>
<arguments>
<arg>Robot/Login_Fail</arg>
</arguments>
<status status="PASS" starttime="20201210 20:16:28.582" endtime="20201210 20:16:28.582"></status>
</kw>
<kw name="Go To" library="SeleniumLibrary">
<doc>Navigates the current browser window to the provided ``url``.</doc>
<arguments>
<arg>${url}</arg>
</arguments>
<msg timestamp="20201210 20:16:28.582" level="INFO">Opening url 'https://mysocialprimate.web.app/login'</msg>
<status status="PASS" starttime="20201210 20:16:28.582" endtime="20201210 20:16:28.982"></status>
</kw>
<kw name="Title Should Be" library="SeleniumLibrary">
<doc>Verifies that the current page title equals ``title``.</doc>
<arguments>
<arg>React App</arg>
</arguments>
<msg timestamp="20201210 20:16:28.987" level="INFO">Page title is 'React App'.</msg>
<status status="PASS" starttime="20201210 20:16:28.983" endtime="20201210 20:16:28.987"></status>
</kw>
<kw name="Input Text" library="SeleniumLibrary">
<doc>Types the given ``text`` into the text field identified by ``locator``.</doc>
<arguments>
<arg>${input_user}</arg>
<arg>${empty}</arg>
</arguments>
<msg timestamp="20201210 20:16:28.988" level="INFO">Typing text '' into text field '//*[@id="email"]'.</msg>
<status status="PASS" starttime="20201210 20:16:28.987" endtime="20201210 20:16:29.052"></status>
</kw>
<kw name="Input Text" library="SeleniumLibrary">
<doc>Types the given ``text`` into the text field identified by ``locator``.</doc>
<arguments>
<arg>${input_pass}</arg>
<arg>${password_valid}</arg>
</arguments>
<msg timestamp="20201210 20:16:29.053" level="INFO">Typing text '123456' into text field '//*[@id="password"]'.</msg>
<status status="PASS" starttime="20201210 20:16:29.052" endtime="20201210 20:16:29.134"></status>
</kw>
<kw name="Click Button" library="SeleniumLibrary">
<doc>Clicks the button identified by ``locator``.</doc>
<arguments>
<arg>${btn_login}</arg>
</arguments>
<msg timestamp="20201210 20:16:29.135" level="INFO">Clicking button '//*[@id="root"]/div/div/div/div[2]/form/button'.</msg>
<status status="PASS" starttime="20201210 20:16:29.134" endtime="20201210 20:16:29.194"></status>
</kw>
<kw name="Wait Until Element Contains" library="SeleniumLibrary">
<doc>Waits until the element ``locator`` contains ``text``.</doc>
<arguments>
<arg>${location_email_invalid}</arg>
<arg>${txt_email_invalid}</arg>
</arguments>
<kw name="Capture Page Screenshot" library="SeleniumLibrary">
<doc>Takes a screenshot of the current page and embeds it into a log file.</doc>
<msg timestamp="20201210 20:16:34.583" level="INFO" html="yes">&lt;/td&gt;&lt;/tr&gt;&lt;tr&gt;&lt;td colspan="3"&gt;&lt;a href="Robot/Login_Fail/selenium-screenshot-5.png"&gt;&lt;img src="Robot/Login_Fail/selenium-screenshot-5.png" width="800px"&gt;&lt;/a&gt;</msg>
<status status="PASS" starttime="20201210 20:16:34.322" endtime="20201210 20:16:34.583"></status>
</kw>
<msg timestamp="20201210 20:16:34.584" level="FAIL">Element '//*[@id="email-helper-text"]' did not get text 'Email must not be empty!' in 5 seconds.</msg>
<status status="FAIL" starttime="20201210 20:16:29.195" endtime="20201210 20:16:34.584"></status>
</kw>
<kw name="Close Browser" library="SeleniumLibrary" type="teardown">
<doc>Closes the current browser.</doc>
<status status="PASS" starttime="20201210 20:16:34.584" endtime="20201210 20:16:36.661"></status>
</kw>
<tags>
<tag>Fail_Scenario</tag>
</tags>
<status status="FAIL" starttime="20201210 20:16:25.528" endtime="20201210 20:16:36.662" critical="yes">Element '//*[@id="email-helper-text"]' did not get text 'Email must not be empty!' in 5 seconds.</status>
</test>
<test id="s1-t6" name="Login Test - Fail - Empty Password">
<kw name="Open Browser" library="SeleniumLibrary">
<doc>Opens a new browser instance to the optional ``url``.</doc>
<arguments>
<arg>about:blank</arg>
<arg>${Browser}</arg>
</arguments>
<msg timestamp="20201210 20:16:36.669" level="INFO">Opening browser 'chrome' to base url 'about:blank'.</msg>
<status status="PASS" starttime="20201210 20:16:36.669" endtime="20201210 20:16:39.725"></status>
</kw>
<kw name="Set Screenshot Directory" library="SeleniumLibrary">
<doc>Sets the directory for captured screenshots.</doc>
<arguments>
<arg>Robot/Login_Fail</arg>
</arguments>
<status status="PASS" starttime="20201210 20:16:39.725" endtime="20201210 20:16:39.726"></status>
</kw>
<kw name="Go To" library="SeleniumLibrary">
<doc>Navigates the current browser window to the provided ``url``.</doc>
<arguments>
<arg>${url}</arg>
</arguments>
<msg timestamp="20201210 20:16:39.726" level="INFO">Opening url 'https://mysocialprimate.web.app/login'</msg>
<status status="PASS" starttime="20201210 20:16:39.726" endtime="20201210 20:16:40.047"></status>
</kw>
<kw name="Title Should Be" library="SeleniumLibrary">
<doc>Verifies that the current page title equals ``title``.</doc>
<arguments>
<arg>React App</arg>
</arguments>
<msg timestamp="20201210 20:16:40.051" level="INFO">Page title is 'React App'.</msg>
<status status="PASS" starttime="20201210 20:16:40.047" endtime="20201210 20:16:40.051"></status>
</kw>
<kw name="Input Text" library="SeleniumLibrary">
<doc>Types the given ``text`` into the text field identified by ``locator``.</doc>
<arguments>
<arg>${input_user}</arg>
<arg>${username_valid}</arg>
</arguments>
<msg timestamp="20201210 20:16:40.052" level="INFO">Typing text 'user@email.com' into text field '//*[@id="email"]'.</msg>
<status status="PASS" starttime="20201210 20:16:40.052" endtime="20201210 20:16:40.158"></status>
</kw>
<kw name="Input Text" library="SeleniumLibrary">
<doc>Types the given ``text`` into the text field identified by ``locator``.</doc>
<arguments>
<arg>${input_pass}</arg>
<arg>${empty}</arg>
</arguments>
<msg timestamp="20201210 20:16:40.158" level="INFO">Typing text '' into text field '//*[@id="password"]'.</msg>
<status status="PASS" starttime="20201210 20:16:40.158" endtime="20201210 20:16:40.219"></status>
</kw>
<kw name="Click Button" library="SeleniumLibrary">
<doc>Clicks the button identified by ``locator``.</doc>
<arguments>
<arg>${btn_login}</arg>
</arguments>
<msg timestamp="20201210 20:16:40.219" level="INFO">Clicking button '//*[@id="root"]/div/div/div/div[2]/form/button'.</msg>
<status status="PASS" starttime="20201210 20:16:40.219" endtime="20201210 20:16:40.280"></status>
</kw>
<kw name="Wait Until Element Contains" library="SeleniumLibrary">
<doc>Waits until the element ``locator`` contains ``text``.</doc>
<arguments>
<arg>${location_password_invalid}</arg>
<arg>${txt_password_invalid}</arg>
</arguments>
<status status="PASS" starttime="20201210 20:16:40.280" endtime="20201210 20:16:40.916"></status>
</kw>
<kw name="Maximize Browser Window" library="SeleniumLibrary">
<doc>Maximizes current browser window.</doc>
<status status="PASS" starttime="20201210 20:16:40.916" endtime="20201210 20:16:43.036"></status>
</kw>
<kw name="Capture Page Screenshot" library="SeleniumLibrary">
<doc>Takes a screenshot of the current page and embeds it into a log file.</doc>
<arguments>
<arg>Invalid_empty_password.png</arg>
</arguments>
<msg timestamp="20201210 20:16:43.347" level="INFO" html="yes">&lt;/td&gt;&lt;/tr&gt;&lt;tr&gt;&lt;td colspan="3"&gt;&lt;a href="Robot/Login_Fail/Invalid_empty_password.png"&gt;&lt;img src="Robot/Login_Fail/Invalid_empty_password.png" width="800px"&gt;&lt;/a&gt;</msg>
<status status="PASS" starttime="20201210 20:16:43.037" endtime="20201210 20:16:43.347"></status>
</kw>
<kw name="Close Browser" library="SeleniumLibrary" type="teardown">
<doc>Closes the current browser.</doc>
<status status="PASS" starttime="20201210 20:16:43.348" endtime="20201210 20:16:45.424"></status>
</kw>
<tags>
<tag>Fail_Scenario</tag>
</tags>
<status status="PASS" starttime="20201210 20:16:36.668" endtime="20201210 20:16:45.424" critical="yes"></status>
</test>
<kw name="Close Browser" library="SeleniumLibrary" type="teardown">
<doc>Closes the current browser.</doc>
<status status="PASS" starttime="20201210 20:16:45.426" endtime="20201210 20:16:45.427"></status>
</kw>
<status status="FAIL" starttime="20201210 20:15:46.040" endtime="20201210 20:16:45.427"></status>
</suite>
<statistics>
<total>
<stat pass="3" fail="3">Critical Tests</stat>
<stat pass="3" fail="3">All Tests</stat>
</total>
<tag>
<stat pass="2" fail="3">Fail_Scenario</stat>
<stat pass="1" fail="0">Success_Scenario</stat>
</tag>
<suite>
<stat pass="3" fail="3" id="s1" name="Test">Test</stat>
</suite>
</statistics>
<errors>
</errors>
</robot>
